<?xml version="1.0" encoding="UTF-8"?>
<testsuite xmlns:xsi="http://www.w3.org/2001/XMLSchema-instance" xsi:noNamespaceSchemaLocation="https://maven.apache.org/surefire/maven-surefire-plugin/xsd/surefire-test-report.xsd" version="3.0.2" name="com.medicalreportapp.AccessControlRegressionTest" time="12.127" tests="4" errors="0" skipped="0" failures="0">
  <properties>
[...]
</properties>
  <testcase name="demoClinicianSeesAssignedPatientDataOnly" classname="com.medicalreportapp.AccessControlRegressionTest" time="1.651">
    <system-out><![CDATA[Standard Commons Logging discovery in action with spring-jcl: please remove commons-logging.jar from classpath in order to avoid potential conflicts
12:41:05.747 [main] INFO org.springframework.test.context.support.AnnotationConfigContextLoaderUtils -- Could not detect default configuration classes for test class [com.medicalreportapp.AccessControlRegressionTest]: AccessControlRegressionTest does not declare any static, non-private, non-final, nested classes annotated with @Configuration.
12:41:05.942 [main] INFO org.springframework.boot.test.context.SpringBootTestContextBootstrapper -- Found @SpringBootConfiguration com.medicalreportapp.MedicalReportAppBackendApplication for test class com.medicalreportapp.AccessControlRegressionTest

  .   ____          _            __ _ _
 /\\ / ___'_ __ _ _(_)_ __  __ _ \ \ \ \
( ( )\___ | '_ | '_| | '_ \/ _` | \ \ \ \
 \\/  ___)| |_)| | | | | || (_| |  ) ) ) )
  '  |____| .__|_| |_|_| |_\__, | / / / /
 =========|_|==============|___/=/_/_/_/

 :: Spring Boot ::                (v3.4.1)

2026-08-11T12:41:06.711-04:00  INFO 77546 --- [medical-report-app-backend] [           main] c.m.AccessControlRegressionTest          : Starting AccessControlRegressionTest using Java 21.0.11 with PID 77546 (started by manasachintalapati in /Users/manasachintalapati/Documents/medical-report-app/backend)
2026-08-11T12:41:06.714-04:00  INFO 77546 --- [medical-report-app-backend] [           main] c.m.AccessControlRegressionTest          : No active profile set, falling back to 1 default profile: "default"
2026-08-11T12:41:08.303-04:00  INFO 77546 --- [medical-report-app-backend] [           main] .s.d.r.c.RepositoryConfigurationDelegate : Bootstrapping Spring Data JPA repositories in DEFAULT mode.
2026-08-11T12:41:08.449-04:00  INFO 77546 --- [medical-report-app-backend] [           main] .s.d.r.c.RepositoryConfigurationDelegate : Finished Spring Data repository scanning in 128 ms. Found 6 JPA repository interfaces.
2026-08-11T12:41:09.620-04:00  INFO 77546 --- [medical-report-app-backend] [           main] com.zaxxer.hikari.HikariDataSource       : HikariPool-1 - Starting...
2026-08-11T12:41:09.924-04:00  INFO 77546 --- [medical-report-app-backend] [           main] com.zaxxer.hikari.pool.HikariPool        : HikariPool-1 - Added connection org.postgresql.jdbc.PgConnection@70c29356
2026-08-11T12:41:09.927-04:00  INFO 77546 --- [medical-report-app-backend] [           main] com.zaxxer.hikari.HikariDataSource       : HikariPool-1 - Start completed.
2026-08-11T12:41:09.970-04:00  INFO 77546 --- [medical-report-app-backend] [           main] org.flywaydb.core.FlywayExecutor         : Database: jdbc:postgresql://localhost:5432/medical_reports (PostgreSQL 16.14)
2026-08-11T12:41:10.071-04:00  INFO 77546 --- [medical-report-app-backend] [           main] o.f.core.internal.command.DbValidate     : Successfully validated 13 migrations (execution time 00:00.061s)
2026-08-11T12:41:10.128-04:00  INFO 77546 --- [medical-report-app-backend] [           main] o.f.core.internal.command.DbMigrate      : Current version of schema "public": 13
2026-08-11T12:41:10.132-04:00  INFO 77546 --- [medical-report-app-backend] [           main] o.f.core.internal.command.DbMigrate      : Schema "public" is up to date. No migration necessary.
2026-08-11T12:41:10.372-04:00  INFO 77546 --- [medical-report-app-backend] [           main] o.hibernate.jpa.internal.util.LogHelper  : HHH000204: Processing PersistenceUnitInfo [name: default]
2026-08-11T12:41:10.429-04:00  INFO 77546 --- [medical-report-app-backend] [           main] org.hibernate.Version                    : HHH000412: Hibernate ORM core version 6.6.4.Final
2026-08-11T12:41:10.462-04:00  INFO 77546 --- [medical-report-app-backend] [           main] o.h.c.internal.RegionFactoryInitiator    : HHH000026: Second-level cache disabled
2026-08-11T12:41:10.748-04:00  INFO 77546 --- [medical-report-app-backend] [           main] o.s.o.j.p.SpringPersistenceUnitInfo      : No LoadTimeWeaver setup: ignoring JPA class transformer
2026-08-11T12:41:10.848-04:00  INFO 77546 --- [medical-report-app-backend] [           main] org.hibernate.orm.connections.pooling    : HHH10001005: Database info:
	Database JDBC URL [Connecting through datasource 'HikariDataSource (HikariPool-1)']
	Database driver: undefined/unknown
	Database version: 16.14
	Autocommit mode: undefined/unknown
	Isolation level: undefined/unknown
	Minimum pool size: undefined/unknown
	Maximum pool size: undefined/unknown
2026-08-11T12:41:12.387-04:00  INFO 77546 --- [medical-report-app-backend] [           main] o.h.e.t.j.p.i.JtaPlatformInitiator       : HHH000489: No JTA platform available (set 'hibernate.transaction.jta.platform' to enable JTA platform integration)
2026-08-11T12:41:12.463-04:00  INFO 77546 --- [medical-report-app-backend] [           main] j.LocalContainerEntityManagerFactoryBean : Initialized JPA EntityManagerFactory for persistence unit 'default'
2026-08-11T12:41:13.108-04:00  INFO 77546 --- [medical-report-app-backend] [           main] o.s.d.j.r.query.QueryEnhancerFactory     : Hibernate is in classpath; If applicable, HQL parser will be used.
2026-08-11T12:41:15.446-04:00  INFO 77546 --- [medical-report-app-backend] [           main] o.s.b.t.m.w.SpringBootMockServletContext : Initializing Spring TestDispatcherServlet ''
2026-08-11T12:41:15.454-04:00  INFO 77546 --- [medical-report-app-backend] [           main] o.s.t.web.servlet.TestDispatcherServlet  : Initializing Servlet ''
2026-08-11T12:41:15.459-04:00  INFO 77546 --- [medical-report-app-backend] [           main] o.s.t.web.servlet.TestDispatcherServlet  : Completed initialization in 2 ms
2026-08-11T12:41:15.529-04:00  INFO 77546 --- [medical-report-app-backend] [           main] c.m.AccessControlRegressionTest          : Started AccessControlRegressionTest in 9.423 seconds (process running for 11.36)
]]></system-out>
    <system-err><![CDATA[Mockito is currently self-attaching to enable the inline-mock-maker. This will no longer work in future releases of the JDK. Please add Mockito as an agent to your build what is described in Mockito's documentation: https://javadoc.io/doc/org.mockito/mockito-core/latest/org/mockito/Mockito.html#0.3
WARNING: A Java agent has been loaded dynamically (/Users/manasachintalapati/.m2/repository/net/bytebuddy/byte-buddy-agent/1.15.11/byte-buddy-agent-1.15.11.jar)
WARNING: If a serviceability tool is in use, please run with -XX:+EnableDynamicAgentLoading to hide this warning
WARNING: If a serviceability tool is not in use, please run with -Djdk.instrument.traceUsage for more information
WARNING: Dynamic loading of agents will be disallowed by default in a future release
]]></system-err>
  </testcase>
  <testcase name="clinicianPatientScopedEndpointsRequirePatientId" classname="com.medicalreportapp.AccessControlRegressionTest" time="0.136"/>
  <testcase name="missingUserHeaderFallsBackToDemoPatient" classname="com.medicalreportapp.AccessControlRegressionTest" time="0.079"/>
  <testcase name="demoPatientSeesOnlyOwnReportsAndTrendAndCannotListClinicianPatients" classname="com.medicalreportapp.AccessControlRegressionTest" time="0.095"/>
</testsuite>